<?xml version="1.0" encoding="UTF-8"?>
<testsuite xmlns:xsi="http://www.w3.org/2001/XMLSchema-instance" xsi:noNamespaceSchemaLocation="https://maven.apache.org/surefire/maven-surefire-plugin/xsd/surefire-test-report.xsd" name="EF.Repository.BaggageRepository_Test" time="0.032" tests="6" errors="0" skipped="0" failures="0">
  <properties>
[...]
</properties>
  <testcase name="HandleBaggageRegistrado_Ok" classname="EF.Repository.BaggageRepository_Test" time="0.01"/>
  <testcase name="Delete_Test" classname="EF.Repository.BaggageRepository_Test" time="0.003"/>
  <testcase name="FindByKey_Test" classname="EF.Repository.BaggageRepository_Test" time="0.002"/>
  <testcase name="Update_Test" classname="EF.Repository.BaggageRepository_Test" time="0.004"/>
  <testcase name="Create_Test" classname="EF.Repository.BaggageRepository_Test" time="0.002"/>
  <testcase name="GetAll_Test" classname="EF.Repository.BaggageRepository_Test" time="0.002"/>
</testsuite>